\BOOKMARK [0][]{sjtubookmark.1.0}{\376\377\230\230\124\015\230\165}{}% 1
\BOOKMARK [0][]{sjtubookmark.2.0}{\376\377\123\237\122\033\140\047\130\360\146\016\123\312\117\177\165\050\143\210\147\103\116\146}{}% 2
\BOOKMARK [0][]{sjtubookmark.3.0}{\376\377\144\130\211\201}{}% 3
\BOOKMARK [0][]{sjtubookmark.4.0}{\376\377\166\356\137\125}{}% 4
\BOOKMARK [0][]{sjtubookmark.5.0}{\376\377\143\322\126\376}{}% 5
\BOOKMARK [0][]{sjtubookmark.6.0}{\376\377\210\150\150\074}{}% 6
\BOOKMARK [0][]{sjtubookmark.7.0}{\376\377\173\227\154\325}{}% 7
\BOOKMARK [0][]{sjtubookmark.8.0}{\376\377\173\046\123\367\133\371\161\147\210\150}{}% 8
\BOOKMARK [0][]{chapter.1}{\376\377\173\054\116\000\172\340\000\040\176\352\213\272}{}% 9
\BOOKMARK [1][-]{section.1.1}{\376\377\0001\000.\0001\000\040\170\024\172\166\200\314\146\157\124\214\141\017\116\111}{chapter.1}% 10
\BOOKMARK [1][-]{section.1.2}{\376\377\0001\000.\0002\000\040\131\032\122\032\117\123\131\377\140\001\116\000\201\364\140\047\166\204\170\024\172\166\163\260\162\266}{chapter.1}% 11
\BOOKMARK [1][-]{section.1.3}{\376\377\0001\000.\0003\000\040\147\054\145\207\170\024\172\166\122\250\147\072}{chapter.1}% 12
\BOOKMARK [1][-]{section.1.4}{\376\377\0001\000.\0004\000\040\147\054\145\207\170\024\172\166\121\205\133\271\124\214\172\340\202\202\133\211\143\222}{chapter.1}% 13
\BOOKMARK [0][]{chapter.2}{\376\377\173\054\116\214\172\340\000\040\230\204\131\007\167\345\213\306}{}% 14
\BOOKMARK [1][-]{section.2.1}{\376\377\0002\000.\0001\000\040\126\376\213\272\167\345\213\306}{chapter.2}% 15
\BOOKMARK [1][-]{section.2.2}{\376\377\0002\000.\0002\000\040\167\351\226\065\167\345\213\306}{chapter.2}% 16
\BOOKMARK [1][-]{section.2.3}{\376\377\0002\000.\0003\000\040\122\032\117\123\167\345\213\306}{chapter.2}% 17
\BOOKMARK [1][-]{section.2.4}{\376\377\0002\000.\0004\000\040\121\166\116\326\137\025\164\006}{chapter.2}% 18
\BOOKMARK [1][-]{section.2.5}{\376\377\0002\000.\0005\000\040\147\054\172\340\134\017\176\323}{chapter.2}% 19
\BOOKMARK [0][]{chapter.3}{\376\377\173\054\116\011\172\340\000\040\217\336\176\355\145\366\225\364\174\373\176\337\116\013\131\032\122\032\117\123\174\373\176\337\131\377\140\001\116\000\201\364\140\047}{}% 20
\BOOKMARK [1][-]{section.3.1}{\376\377\0003\000.\0001\000\040\137\025\212\000}{chapter.3}% 21
\BOOKMARK [1][-]{section.3.2}{\376\377\0003\000.\0002\000\040\225\356\230\230\143\317\217\360}{chapter.3}% 22
\BOOKMARK [1][-]{section.3.3}{\376\377\0003\000.\0003\000\040\147\011\166\370\133\371\211\322\220\037\136\246\155\113\221\317}{chapter.3}% 23
\BOOKMARK [2][-]{subsection.3.3.1}{\376\377\0003\000.\0003\000.\0001\000\040\116\000\201\364\140\047\122\006\147\220}{section.3.3}% 24
\BOOKMARK [1][-]{section.3.4}{\376\377\0003\000.\0004\000\040\145\340\166\370\133\371\211\322\220\037\136\246\155\113\221\317}{chapter.3}% 25
\BOOKMARK [1][-]{section.3.5}{\376\377\0003\000.\0005\000\040\116\377\167\037\232\214\213\301}{chapter.3}% 26
\BOOKMARK [1][-]{section.3.6}{\376\377\0003\000.\0006\000\040\121\163\116\216\136\163\210\141\160\271\166\204\213\250\213\272}{chapter.3}% 27
\BOOKMARK [1][-]{section.3.7}{\376\377\0003\000.\0007\000\040\147\054\172\340\134\017\176\323}{chapter.3}% 28
\BOOKMARK [0][]{chapter.4}{\376\377\173\054\126\333\172\340\000\040\173\200\116\313}{}% 29
\BOOKMARK [1][-]{section.4.1}{\376\377\0004\000.\0001\000\040\116\214\176\247\150\007\230\230}{chapter.4}% 30
\BOOKMARK [2][-]{subsection.4.1.1}{\376\377\0004\000.\0001\000.\0001\000\040\116\011\176\247\150\007\230\230}{section.4.1}% 31
\BOOKMARK [1][-]{section.4.2}{\376\377\0004\000.\0002\000\040\201\032\154\350}{chapter.4}% 32
\BOOKMARK [1][-]{section.4.3}{\376\377\0004\000.\0003\000\040\133\127\117\123}{chapter.4}% 33
\BOOKMARK [0][]{chapter.5}{\376\377\173\054\116\224\172\340\000\040\145\160\133\146\116\016\137\025\165\050\145\207\163\056\166\204\150\007\154\350}{}% 34
\BOOKMARK [1][-]{section.5.1}{\376\377\0005\000.\0001\000\040\145\160\133\146}{chapter.5}% 35
\BOOKMARK [2][-]{subsection.5.1.1}{\376\377\0005\000.\0001\000.\0001\000\040\145\160\133\127\124\214\123\125\117\115}{section.5.1}% 36
\BOOKMARK [2][-]{subsection.5.1.2}{\376\377\0005\000.\0001\000.\0002\000\040\145\160\133\146\173\046\123\367\124\214\121\154\137\017}{section.5.1}% 37
\BOOKMARK [2][-]{subsection.5.1.3}{\376\377\0005\000.\0001\000.\0003\000\040\133\232\164\006\163\257\130\203}{section.5.1}% 38
\BOOKMARK [1][-]{section.5.2}{\376\377\0005\000.\0002\000\040\137\025\165\050\145\207\163\056\166\204\150\007\154\350}{chapter.5}% 39
\BOOKMARK [0][]{chapter.6}{\376\377\173\054\121\155\172\340\000\040\155\156\122\250\117\123}{}% 40
\BOOKMARK [1][-]{section.6.1}{\376\377\0006\000.\0001\000\040\143\322\126\376}{chapter.6}% 41
\BOOKMARK [2][-]{subsection.6.1.1}{\376\377\0006\000.\0001\000.\0001\000\040\123\125\116\052\126\376\137\142}{section.6.1}% 42
\BOOKMARK [2][-]{subsection.6.1.2}{\376\377\0006\000.\0001\000.\0002\000\040\131\032\116\052\126\376\137\142}{section.6.1}% 43
\BOOKMARK [1][-]{section.6.2}{\376\377\0006\000.\0002\000\040\210\150\150\074}{chapter.6}% 44
\BOOKMARK [2][-]{subsection.6.2.1}{\376\377\0006\000.\0002\000.\0001\000\040\127\372\147\054\210\150\150\074}{section.6.2}% 45
\BOOKMARK [2][-]{subsection.6.2.2}{\376\377\0006\000.\0002\000.\0002\000\040\131\015\147\102\210\150\150\074}{section.6.2}% 46
\BOOKMARK [1][-]{section.6.3}{\376\377\0006\000.\0003\000\040\173\227\154\325\163\257\130\203}{chapter.6}% 47
\BOOKMARK [1][-]{section.6.4}{\376\377\0006\000.\0004\000\040\116\343\170\001\163\257\130\203}{chapter.6}% 48
\BOOKMARK [0][]{chapter.7}{\376\377\173\054\116\003\172\340\000\040\121\150\145\207\140\073\176\323}{}% 49
\BOOKMARK [0][]{chapter*.27}{\376\377\123\302\200\003\145\207\163\056}{}% 50
\BOOKMARK [0][]{appendix.A}{\376\377\226\104\137\125\000\040\000A\000\040\000M\000a\000x\000w\000e\000l\000l\000\040\000E\000q\000u\000a\000t\000i\000o\000n\000s}{}% 51
\BOOKMARK [0][]{appendix.B}{\376\377\226\104\137\125\000\040\000B\000\040\176\330\122\066\155\101\172\013\126\376}{}% 52
\BOOKMARK [0][]{section*.29}{\376\377\201\364\214\042}{}% 53
\BOOKMARK [0][]{section*.31}{\376\377\133\146\147\057\213\272\145\207\124\214\171\321\170\024\142\020\147\234\166\356\137\125}{}% 54
\BOOKMARK [0][]{section*.35}{\376\377\116\052\116\272\173\200\123\206}{}% 55
\BOOKMARK [0][]{sjtubookmark.9.0}{\376\377\131\047\144\130\211\201}{}% 56
